[2023-12-01T06:05:45.167084+00:00] create-task-controller.INFO: Task is created succesfully Last [] []
[2023-12-01T10:38:48.000429+00:00] create-task-controller.INFO: Task is created succesfully Let [] []
[2023-12-01T10:46:21.340822+00:00] registration-controller.INFO: Task {$task->getTitle()} is updated succesfully  [] []
[2023-12-01T11:05:09.192162+00:00] create-task-controller.INFO: Task { $task->getTitle())} is deleted successfully  [] []
[2023-12-01T11:09:22.050190+00:00] create-task-controller.INFO: Task {$task->getTitle()} is created successfully  [] []
[2023-12-01T11:15:01.103954+00:00] create-task-controller.INFO: Task (The last check) is created successfully  [] []
[2023-12-01T11:16:43.018306+00:00] create-task-controller.INFO: Task () is deleted successfully  [] []
[2023-12-01T11:20:21.384630+00:00] create-task-controller.INFO: Task () is deleted successfully  [] []
[2023-12-01T11:21:55.283193+00:00] create-task-controller.INFO: Task () is deleted successfully  [] []
[2023-12-01T12:36:40.100209+00:00] registration-controller.INFO: Task {Ntabethemba} is updated succesfully. [] []
[2023-12-01T12:52:45.902727+00:00] delete-user-controller.INFO: User {} is deleted succesfully. [] []
[2023-12-01T12:54:46.894020+00:00] delete-user-controller.INFO: User {} is deleted succesfully. [] []
[2023-12-01T17:42:21.968514+00:00] login-controller.CRITICAL: Invalid email or password check your email or reset. [] []
[2023-12-01T18:10:52.441295+00:00] logout-controller.INFO: User logged out [] []
[2023-12-01T18:14:55.449588+00:00] logout-controller.INFO: User logged out [] []
[2023-12-01T18:21:29.819656+00:00] registration-controller.ERROR: mysqli::__set_state(array( )) [] []
[2023-12-01T18:21:43.684089+00:00] users.CRITICAL: Ms Pat Registered successfully!! [] []
[2023-12-01T19:34:40.500939+00:00] registration-controller.INFO: Task {$task->getTitle()} is updated succesfully  [] []
[2023-12-01T19:50:41.668788+00:00] create-task-controller.INFO: Task (Create forgot password controller) is created successfully  [] []
[2023-12-01T19:50:55.529521+00:00] logout-controller.INFO: User logged out [] []
[2023-12-01T21:08:11.991633+00:00] registration-controller.INFO: The use  logged in successfully [] []
[2023-12-04T08:37:19.077264+00:00] registration-controller.INFO: The use  logged in successfully [] []
[2023-12-04T08:48:47.909231+00:00] task-management.INFO: Controller\TasksController [] []
[2023-12-04T08:49:50.329320+00:00] task-management.INFO: Controller\TasksController [] []
[2023-12-04T09:12:16.217381+00:00] task-management.INFO: Controller\Tasks\TasksController [] []
[2023-12-04T09:17:47.556240+00:00] task-management.INFO: Controller\Tasks\TasksController [] []
[2023-12-04T09:21:20.521851+00:00] task-management.INFO: Controller\Tasks\TasksEditController [] []
[2023-12-04T09:21:56.065402+00:00] task-management.INFO: Controller\Tasks\TasksSubmitController [] []
[2023-12-04T09:22:02.610634+00:00] registration-controller.INFO: Task {$task->getTitle()} is updated succesfully  [] []
[2023-12-04T09:22:04.644376+00:00] task-management.INFO: Controller\Tasks\TasksController [] []
[2023-12-04T09:23:45.230428+00:00] task-management.INFO: Controller\Tasks\TasksDeleteController [] []
[2023-12-04T09:23:45.236944+00:00] task-model.INFO: Task () is deleted successfully  [] []
[2023-12-04T09:23:47.515441+00:00] task-management.INFO: Controller\Tasks\TasksController [] []
[2023-12-04T09:25:04.580539+00:00] task-management.INFO: Controller\Tasks\TasksEditController [] []
[2023-12-04T09:25:17.412348+00:00] task-management.INFO: Controller\Tasks\TasksSubmitController [] []
[2023-12-04T09:25:21.005297+00:00] registration-controller.INFO: Task Submit is updated succesfully  [] []
[2023-12-04T09:25:22.658157+00:00] task-management.INFO: Controller\Tasks\TasksController [] []
[2023-12-04T09:29:58.389468+00:00] task-management.INFO: Controller\Tasks\TasksController [] []
[2023-12-04T09:33:54.658076+00:00] task-management.INFO: Controller\Users\UsersController [] []
[2023-12-04T09:34:16.729404+00:00] task-management.INFO: Controller\Users\UsersEditController [] []
[2023-12-04T09:34:32.554301+00:00] task-management.INFO: Controller\Users\UsersSubmitController [] []
[2023-12-04T09:34:32.561671+00:00] users-controller.INFO: User {Ntabethemba} is updated succesfully. [] []
[2023-12-04T09:34:34.772136+00:00] task-management.INFO: Controller\Users\UsersController [] []
[2023-12-04T09:34:43.201512+00:00] task-management.INFO: Controller\Tasks\TasksController [] []
[2023-12-04T09:47:54.892949+00:00] task-management.INFO: Controller\Tasks\TasksController [] []
[2023-12-04T09:48:10.305056+00:00] task-management.INFO: Controller\Tasks\TasksDeleteController [] []
[2023-12-04T09:48:10.310453+00:00] task-model.INFO: Task () is deleted successfully  [] []
[2023-12-04T09:48:14.002826+00:00] task-management.INFO: Controller\Tasks\TasksController [] []
[2023-12-04T09:48:32.188479+00:00] task-management.INFO: Controller\Users\UsersController [] []
[2023-12-04T09:48:51.214174+00:00] task-management.INFO: Controller\Users\UsersDeleteController [] []
PHP Fatal error:  Uncaught mysqli_sql_exception: Cannot delete or update a parent row: a foreign key constraint fails 
(`ekomi`.`tasks`, CONSTRAINT `tasks_ibfk_1` FOREIGN KEY (`user_id`) REFERENCES `users` (`id`)) in /var/www/html/ekomi/task-dashboard/models/Users.php:542
Stack trace:\n#0 /var/www/html/ekomi/task-dashboard/models/Users.php(542): mysqli_stmt->execute()\
#1 /var/www/html/ekomi/task-dashboard/controllers/Users/UsersDeleteController.php(28): Model\\User->delete()\n
#2 /var/www/html/ekomi/task-dashboard/index.php(51): Controller\\Users\\UsersDeleteController->delete()\n
#3 {main}\n  thrown in /var/www/html/ekomi/task-dashboard/models/Users.php on line 542, referer: http://ekomi.local/ekomi/task-dashboard/users

[2023-12-04T10:14:57.674029+00:00] task-management.INFO: Controller\Users\UsersDeleteController [] []
[2023-12-04T10:14:57.684406+00:00] delete-user-controller.INFO: User {} is deleted succesfully. [] []
[2023-12-04T10:15:00.233060+00:00] task-management.INFO: Controller\Users\UsersController [] []
[2023-12-04T10:16:35.714066+00:00] task-management.INFO: Controller\Tasks\TasksController [] []
[2023-12-04T10:40:58.873228+00:00] task-management.INFO: Controller\ProfileController [] []
[2023-12-04T10:42:27.680124+00:00] task-management.INFO: Controller\Tasks\TasksController [] []
[2023-12-04T10:43:54.431507+00:00] task-management.INFO: Controller\Tasks\TasksController [] []
[2023-12-04T10:44:41.851880+00:00] task-management.INFO: Controller\Tasks\TasksController [] []
[2023-12-04T10:44:50.794328+00:00] task-management.INFO: Controller\Tasks\TasksController [] []
[2023-12-04T10:45:23.690820+00:00] task-management.INFO: Controller\LogoutController [] []
[2023-12-04T10:45:52.235635+00:00] logout-controller.INFO: User logged out [] []
[2023-12-04T10:45:56.827019+00:00] task-management.INFO: Controller\HomeController [] []
[2023-12-04T10:47:44.017974+00:00] task-management.INFO: Controller\RegisterController [] []
[2023-12-04T10:47:49.134248+00:00] registration-controller.ERROR: NULL [] []
[2023-12-04T10:47:56.431880+00:00] users.CRITICAL: Kim Congdon Registered successfully!! [] []
[2023-12-04T10:47:59.314176+00:00] task-management.INFO: Controller\HomeController [] []
[2023-12-04T10:48:37.284035+00:00] task-management.INFO: Controller\LoginController [] []
[2023-12-04T10:48:56.476866+00:00] registration-controller.INFO: The use  logged in successfully [] []
[2023-12-04T10:49:11.137248+00:00] task-management.INFO: Controller\Tasks\TasksController [] []
[2023-12-04T10:49:35.503316+00:00] task-management.INFO: Controller\Users\UsersController [] []
[2023-12-04T10:50:23.220737+00:00] task-management.INFO: Controller\Tasks\TasksController [] []
[2023-12-04T10:51:20.089092+00:00] task-management.INFO: Controller\LogoutController [] []
[2023-12-04T10:51:34.076560+00:00] logout-controller.INFO: User logged out [] []
[2023-12-04T10:52:01.581444+00:00] task-management.INFO: Controller\HomeController [] []
[2023-12-04T10:52:36.655858+00:00] task-management.INFO: Controller\ForgotPasswordController [] []
[2023-12-04T10:52:49.002532+00:00] task-management.INFO: Controller\ForgotPasswordSubmitController [] []
[2023-12-04T10:53:09.697264+00:00] task-management.INFO: Controller\ForgotPasswordController [] []
[2023-12-04T10:53:18.733741+00:00] task-management.INFO: Controller\ResetPasswordController [] []
[2023-12-04T10:53:36.992886+00:00] task-management.INFO: Controller\ResetPasswordSubmitController [] []
[2023-12-04T10:54:03.016087+00:00] task-management.INFO: Controller\HomeController [] []
[2023-12-04T10:54:38.949142+00:00] task-management.INFO: Controller\HomeController [] []
[2023-12-04T10:54:45.862638+00:00] task-management.INFO: Controller\HomeController [] []
